----------------------------------------
srun job start: Thu Mar 13 18:55:14 CDT 2025
Job ID: 8103917
Username: apc6353
Queue: normal
Account: e32704
----------------------------------------
The following variables are not
guaranteed to be the same in the
prologue and the job run script
----------------------------------------
PATH (in prologue) : /home/apc6353/.vscode-server/cli/servers/Stable-2fc07b811f760549dab9be9d2bedd06c51dfcb9a/server/bin/remote-cli:/home/apc6353/.conda/envs/research/bin:/hpc/software/mamba/23.1.0/condabin:/usr/lib64/qt-3.3/bin:/usr/local/bin:/usr/bin:/usr/lpp/mmfs/bin:/opt/ibutils/bin:/hpc/usertools:/opt/zeek/bin:/usr/local/sbin:/usr/sbin:/home/apc6353/.local/bin:/home/apc6353/bin:/home/apc6353/.vscode-server/cli/servers/Stable-2fc07b811f760549dab9be9d2bedd06c51dfcb9a/server/bin/remote-cli:/hpc/software/mamba/23.1.0/bin:/hpc/software/mamba/23.1.0/condabin:/usr/lib64/qt-3.3/bin:/usr/local/bin:/usr/bin:/usr/lpp/mmfs/bin:/opt/ibutils/bin:/hpc/usertools:/opt/zeek/bin:/usr/local/sbin:/usr/sbin:/home/apc6353/.local/bin:/home/apc6353/bin:/home/apc6353/.vscode-server/cli/servers/Stable-2fc07b811f760549dab9be9d2bedd06c51dfcb9a/server/bin/remote-cli:/hpc/software/mamba/23.1.0/bin:/hpc/software/mamba/23.1.0/condabin:/usr/lib64/qt-3.3/bin:/usr/local/bin:/usr/bin:/usr/lpp/mmfs/bin:/opt/ibutils/bin:/hpc/usertools:/opt/zeek/bin:/usr/local/sbin:/usr/sbin:/home/apc6353/.local/bin:/home/apc6353/bin
WORKDIR is: /home/apc6353
----------------------------------------
srun: error: slurm_receive_msgs: [[qnode1208]:41498] failed: Zero Bytes were transmitted or received
srun: error: Task launch for StepId=8103917.0 failed on node qnode1208: Zero Bytes were transmitted or received
srun: error: Application launch failed: Zero Bytes were transmitted or received
srun: Job step aborted: Waiting up to 32 seconds for job step to finish.
slurmstepd: error: *** STEP 8103917.0 ON qnode1124 CANCELLED AT 2025-03-13T18:55:14 ***
[mpiexec@qnode1124] control_cb (mpiexec/pmiserv_cb.c:280): assert (!closed) failed
[mpiexec@qnode1124] HYDT_dmxu_poll_wait_for_event (lib/tools/demux/demux_poll.c:76): callback returned error status
[mpiexec@qnode1124] HYD_pmci_wait_for_completion (mpiexec/pmiserv_pmci.c:173): error waiting for event
[mpiexec@qnode1124] main (mpiexec/mpiexec.c:260): process manager error waiting for completion
